{"/home/aliyon-dev/Documents/2026/Coding Projects/review-track-backend/src/app.ts": {"path":"/home/aliyon-dev/Documents/2026/Coding Projects/review-track-backend/src/app.ts","statementMap":{"0":{"start":{"line":1,"column":0},"end":{"line":1,"column":30}},"1":{"start":{"line":2,"column":0},"end":{"line":2,"column":24}},"2":{"start":{"line":3,"column":0},"end":{"line":3,"column":28}},"3":{"start":{"line":4,"column":0},"end":{"line":4,"column":28}},"4":{"start":{"line":5,"column":0},"end":{"line":5,"column":61}},"5":{"start":{"line":7,"column":0},"end":{"line":7,"column":70}},"6":{"start":{"line":8,"column":0},"end":{"line":8,"column":49}},"7":{"start":{"line":9,"column":0},"end":{"line":9,"column":45}},"8":{"start":{"line":10,"column":0},"end":{"line":10,"column":59}},"9":{"start":{"line":11,"column":0},"end":{"line":11,"column":41}},"10":{"start":{"line":13,"column":12},"end":{"line":13,"column":21}},"11":{"start":{"line":15,"column":0},"end":{"line":15,"column":18}},"12":{"start":{"line":16,"column":0},"end":{"line":16,"column":16}},"13":{"start":{"line":17,"column":0},"end":{"line":19,"column":4}},"14":{"start":{"line":18,"column":17},"end":{"line":18,"column":80}},"15":{"start":{"line":20,"column":0},"end":{"line":20,"column":24}},"16":{"start":{"line":21,"column":0},"end":{"line":21,"column":48}},"17":{"start":{"line":23,"column":0},"end":{"line":23,"column":37}},"18":{"start":{"line":24,"column":0},"end":{"line":24,"column":33}},"19":{"start":{"line":25,"column":0},"end":{"line":25,"column":48}},"20":{"start":{"line":27,"column":0},"end":{"line":27,"column":72}},"21":{"start":{"line":27,"column":49},"end":{"line":27,"column":70}},"22":{"start":{"line":28,"column":0},"end":{"line":34,"column":43}},"23":{"start":{"line":29,"column":2},"end":{"line":32,"column":4}},"24":{"start":{"line":33,"column":2},"end":{"line":33,"column":9}},"25":{"start":{"line":36,"column":0},"end":{"line":36,"column":18}},"26":{"start":{"line":37,"column":0},"end":{"line":37,"column":22}},"27":{"start":{"line":39,"column":0},"end":{"line":39,"column":19}}},"fnMap":{"0":{"name":"(anonymous_1)","decl":{"start":{"line":18,"column":8},"end":{"line":18,"column":9}},"loc":{"start":{"line":18,"column":17},"end":{"line":18,"column":80}}},"1":{"name":"(anonymous_2)","decl":{"start":{"line":27,"column":34},"end":{"line":27,"column":35}},"loc":{"start":{"line":27,"column":49},"end":{"line":27,"column":70}}},"2":{"name":"(anonymous_3)","decl":{"start":{"line":28,"column":21},"end":{"line":28,"column":22}},"loc":{"start":{"line":28,"column":41},"end":{"line":34,"column":1}}}},"branchMap":{"0":{"loc":{"start":{"line":18,"column":17},"end":{"line":18,"column":80}},"type":"binary-expr","locations":[{"start":{"line":18,"column":17},"end":{"line":18,"column":45}},{"start":{"line":18,"column":49},"end":{"line":18,"column":80}}]}},"s":{"0":2,"1":2,"2":2,"3":2,"4":2,"5":2,"6":2,"7":2,"8":2,"9":2,"10":2,"11":2,"12":2,"13":2,"14":19,"15":2,"16":2,"17":2,"18":2,"19":2,"20":2,"21":0,"22":2,"23":0,"24":0,"25":2,"26":2,"27":2},"f":{"0":19,"1":0,"2":0},"b":{"0":[19,13]}}
,"/home/aliyon-dev/Documents/2026/Coding Projects/review-track-backend/src/config/env.ts": {"path":"/home/aliyon-dev/Documents/2026/Coding Projects/review-track-backend/src/config/env.ts","statementMap":{"0":{"start":{"line":1,"column":0},"end":{"line":1,"column":23}},"1":{"start":{"line":3,"column":12},"end":{"line":9,"column":11}},"2":{"start":{"line":11,"column":0},"end":{"line":11,"column":19}}},"fnMap":{},"branchMap":{"0":{"loc":{"start":{"line":4,"column":8},"end":{"line":4,"column":40}},"type":"binary-expr","locations":[{"start":{"line":4,"column":8},"end":{"line":4,"column":32}},{"start":{"line":4,"column":36},"end":{"line":4,"column":40}}]},"1":{"loc":{"start":{"line":5,"column":11},"end":{"line":5,"column":48}},"type":"binary-expr","locations":[{"start":{"line":5,"column":11},"end":{"line":5,"column":31}},{"start":{"line":5,"column":35},"end":{"line":5,"column":48}}]},"2":{"loc":{"start":{"line":6,"column":9},"end":{"line":6,"column":39}},"type":"binary-expr","locations":[{"start":{"line":6,"column":9},"end":{"line":6,"column":33}},{"start":{"line":6,"column":37},"end":{"line":6,"column":39}}]},"3":{"loc":{"start":{"line":7,"column":13},"end":{"line":7,"column":49}},"type":"binary-expr","locations":[{"start":{"line":7,"column":13},"end":{"line":7,"column":35}},{"start":{"line":7,"column":39},"end":{"line":7,"column":49}}]},"4":{"loc":{"start":{"line":8,"column":16},"end":{"line":8,"column":50}},"type":"binary-expr","locations":[{"start":{"line":8,"column":16},"end":{"line":8,"column":42}},{"start":{"line":8,"column":46},"end":{"line":8,"column":50}}]}},"s":{"0":2,"1":2,"2":2},"f":{},"b":{"0":[2,0],"1":[2,0],"2":[2,0],"3":[2,2],"4":[2,2]}}
,"/home/aliyon-dev/Documents/2026/Coding Projects/review-track-backend/src/controllers/applicationController.ts": {"path":"/home/aliyon-dev/Documents/2026/Coding Projects/review-track-backend/src/controllers/applicationController.ts","statementMap":{"0":{"start":{"line":3,"column":0},"end":{"line":3,"column":53}},"1":{"start":{"line":4,"column":0},"end":{"line":4,"column":48}},"2":{"start":{"line":6,"column":0},"end":{"line":6,"column":52}},"3":{"start":{"line":7,"column":0},"end":{"line":7,"column":null}},"4":{"start":{"line":17,"column":20},"end":{"line":20,"column":1}},"5":{"start":{"line":18,"column":2},"end":{"line":18,"column":73}},"6":{"start":{"line":18,"column":46},"end":{"line":18,"column":73}},"7":{"start":{"line":19,"column":2},"end":{"line":19,"column":12}},"8":{"start":{"line":22,"column":13},"end":{"line":32,"column":2}},"9":{"start":{"line":24,"column":35},"end":{"line":24,"column":85}},"10":{"start":{"line":25,"column":4},"end":{"line":30,"column":5}},"11":{"start":{"line":26,"column":26},"end":{"line":26,"column":83}},"12":{"start":{"line":27,"column":6},"end":{"line":27,"column":41}},"13":{"start":{"line":29,"column":6},"end":{"line":29,"column":34}},"14":{"start":{"line":34,"column":13},"end":{"line":43,"column":2}},"15":{"start":{"line":36,"column":4},"end":{"line":41,"column":5}},"16":{"start":{"line":37,"column":27},"end":{"line":37,"column":50}},"17":{"start":{"line":38,"column":6},"end":{"line":38,"column":37}},"18":{"start":{"line":40,"column":6},"end":{"line":40,"column":34}},"19":{"start":{"line":45,"column":13},"end":{"line":54,"column":2}},"20":{"start":{"line":47,"column":4},"end":{"line":52,"column":5}},"21":{"start":{"line":48,"column":27},"end":{"line":48,"column":75}},"22":{"start":{"line":49,"column":6},"end":{"line":49,"column":37}},"23":{"start":{"line":51,"column":6},"end":{"line":51,"column":34}},"24":{"start":{"line":56,"column":13},"end":{"line":69,"column":2}},"25":{"start":{"line":58,"column":4},"end":{"line":67,"column":5}},"26":{"start":{"line":59,"column":26},"end":{"line":59,"column":75}},"27":{"start":{"line":60,"column":6},"end":{"line":63,"column":7}},"28":{"start":{"line":61,"column":8},"end":{"line":61,"column":24}},"29":{"start":{"line":62,"column":8},"end":{"line":62,"column":56}},"30":{"start":{"line":64,"column":6},"end":{"line":64,"column":36}},"31":{"start":{"line":66,"column":6},"end":{"line":66,"column":34}},"32":{"start":{"line":71,"column":13},"end":{"line":90,"column":2}},"33":{"start":{"line":73,"column":23},"end":{"line":73,"column":64}},"34":{"start":{"line":74,"column":4},"end":{"line":88,"column":5}},"35":{"start":{"line":75,"column":26},"end":{"line":75,"column":75}},"36":{"start":{"line":76,"column":6},"end":{"line":79,"column":7}},"37":{"start":{"line":77,"column":8},"end":{"line":77,"column":24}},"38":{"start":{"line":78,"column":8},"end":{"line":78,"column":56}},"39":{"start":{"line":80,"column":6},"end":{"line":83,"column":7}},"40":{"start":{"line":81,"column":8},"end":{"line":81,"column":24}},"41":{"start":{"line":82,"column":8},"end":{"line":82,"column":88}},"42":{"start":{"line":84,"column":22},"end":{"line":84,"column":118}},"43":{"start":{"line":85,"column":6},"end":{"line":85,"column":32}},"44":{"start":{"line":87,"column":6},"end":{"line":87,"column":34}},"45":{"start":{"line":93,"column":13},"end":{"line":101,"column":3}},"46":{"start":{"line":94,"column":21},"end":{"line":94,"column":63}},"47":{"start":{"line":95,"column":2},"end":{"line":100,"column":3}},"48":{"start":{"line":96,"column":25},"end":{"line":96,"column":62}},"49":{"start":{"line":97,"column":4},"end":{"line":97,"column":35}},"50":{"start":{"line":99,"column":4},"end":{"line":99,"column":32}}},"fnMap":{"0":{"name":"(anonymous_1)","decl":{"start":{"line":17,"column":20},"end":{"line":17,"column":21}},"loc":{"start":{"line":17,"column":72},"end":{"line":20,"column":1}}},"1":{"name":"(anonymous_2)","decl":{"start":{"line":23,"column":2},"end":{"line":23,"column":7}},"loc":{"start":{"line":23,"column":79},"end":{"line":31,"column":3}}},"2":{"name":"(anonymous_3)","decl":{"start":{"line":35,"column":2},"end":{"line":35,"column":7}},"loc":{"start":{"line":35,"column":80},"end":{"line":42,"column":3}}},"3":{"name":"(anonymous_4)","decl":{"start":{"line":46,"column":2},"end":{"line":46,"column":7}},"loc":{"start":{"line":46,"column":79},"end":{"line":53,"column":3}}},"4":{"name":"(anonymous_5)","decl":{"start":{"line":57,"column":2},"end":{"line":57,"column":7}},"loc":{"start":{"line":57,"column":79},"end":{"line":68,"column":3}}},"5":{"name":"(anonymous_6)","decl":{"start":{"line":72,"column":2},"end":{"line":72,"column":7}},"loc":{"start":{"line":72,"column":79},"end":{"line":89,"column":3}}},"6":{"name":"(anonymous_7)","decl":{"start":{"line":93,"column":64},"end":{"line":93,"column":69}},"loc":{"start":{"line":93,"column":140},"end":{"line":101,"column":1}}}},"branchMap":{"0":{"loc":{"start":{"line":18,"column":2},"end":{"line":18,"column":73}},"type":"if","locations":[{"start":{"line":18,"column":2},"end":{"line":18,"column":73}},{"start":{},"end":{}}]},"1":{"loc":{"start":{"line":60,"column":6},"end":{"line":63,"column":7}},"type":"if","locations":[{"start":{"line":60,"column":6},"end":{"line":63,"column":7}},{"start":{},"end":{}}]},"2":{"loc":{"start":{"line":76,"column":6},"end":{"line":79,"column":7}},"type":"if","locations":[{"start":{"line":76,"column":6},"end":{"line":79,"column":7}},{"start":{},"end":{}}]},"3":{"loc":{"start":{"line":80,"column":6},"end":{"line":83,"column":7}},"type":"if","locations":[{"start":{"line":80,"column":6},"end":{"line":83,"column":7}},{"start":{},"end":{}}]}},"s":{"0":2,"1":2,"2":2,"3":2,"4":2,"5":0,"6":0,"7":0,"8":2,"9":1,"10":1,"11":1,"12":1,"13":0,"14":2,"15":2,"16":2,"17":2,"18":0,"19":2,"20":1,"21":1,"22":1,"23":0,"24":2,"25":2,"26":2,"27":2,"28":1,"29":1,"30":1,"31":0,"32":2,"33":3,"34":3,"35":3,"36":3,"37":1,"38":1,"39":2,"40":1,"41":1,"42":1,"43":1,"44":0,"45":2,"46":0,"47":0,"48":0,"49":0,"50":0},"f":{"0":0,"1":1,"2":2,"3":1,"4":2,"5":3,"6":0},"b":{"0":[0,0],"1":[1,1],"2":[1,2],"3":[1,1]}}
,"/home/aliyon-dev/Documents/2026/Coding Projects/review-track-backend/src/controllers/authController.ts": {"path":"/home/aliyon-dev/Documents/2026/Coding Projects/review-track-backend/src/controllers/authController.ts","statementMap":{"0":{"start":{"line":3,"column":0},"end":{"line":3,"column":48}},"1":{"start":{"line":4,"column":0},"end":{"line":4,"column":53}},"2":{"start":{"line":5,"column":0},"end":{"line":5,"column":62}},"3":{"start":{"line":7,"column":13},"end":{"line":19,"column":3}},"4":{"start":{"line":8,"column":30},"end":{"line":8,"column":77}},"5":{"start":{"line":10,"column":2},"end":{"line":18,"column":3}},"6":{"start":{"line":11,"column":19},"end":{"line":11,"column":51}},"7":{"start":{"line":12,"column":4},"end":{"line":12,"column":29}},"8":{"start":{"line":14,"column":4},"end":{"line":16,"column":5}},"9":{"start":{"line":15,"column":6},"end":{"line":15,"column":33}},"10":{"start":{"line":17,"column":4},"end":{"line":17,"column":14}}},"fnMap":{"0":{"name":"(anonymous_1)","decl":{"start":{"line":7,"column":34},"end":{"line":7,"column":39}},"loc":{"start":{"line":7,"column":107},"end":{"line":19,"column":1}}}},"branchMap":{"0":{"loc":{"start":{"line":14,"column":4},"end":{"line":16,"column":5}},"type":"if","locations":[{"start":{"line":14,"column":4},"end":{"line":16,"column":5}},{"start":{},"end":{}}]}},"s":{"0":2,"1":2,"2":2,"3":2,"4":0,"5":0,"6":0,"7":0,"8":0,"9":0,"10":0},"f":{"0":0},"b":{"0":[0,0]}}
,"/home/aliyon-dev/Documents/2026/Coding Projects/review-track-backend/src/controllers/healthController.ts": {"path":"/home/aliyon-dev/Documents/2026/Coding Projects/review-track-backend/src/controllers/healthController.ts","statementMap":{"0":{"start":{"line":3,"column":25},"end":{"line":5,"column":1}},"1":{"start":{"line":4,"column":2},"end":{"line":4,"column":57}},"2":{"start":{"line":3,"column":13},"end":{"line":3,"column":25}}},"fnMap":{"0":{"name":"(anonymous_0)","decl":{"start":{"line":3,"column":25},"end":{"line":3,"column":26}},"loc":{"start":{"line":3,"column":64},"end":{"line":5,"column":1}}}},"branchMap":{},"s":{"0":2,"1":0,"2":2},"f":{"0":0},"b":{}}
,"/home/aliyon-dev/Documents/2026/Coding Projects/review-track-backend/src/docs/openapi.ts": {"path":"/home/aliyon-dev/Documents/2026/Coding Projects/review-track-backend/src/docs/openapi.ts","statementMap":{"0":{"start":{"line":1,"column":19},"end":{"line":1,"column":37}},"1":{"start":{"line":3,"column":23},"end":{"line":16,"column":2}},"2":{"start":{"line":18,"column":20},"end":{"line":324,"column":2}},"3":{"start":{"line":326,"column":0},"end":{"line":326,"column":27}}},"fnMap":{},"branchMap":{},"s":{"0":2,"1":2,"2":2,"3":2},"f":{},"b":{}}
,"/home/aliyon-dev/Documents/2026/Coding Projects/review-track-backend/src/generated/prisma/client.ts": {"path":"/home/aliyon-dev/Documents/2026/Coding Projects/review-track-backend/src/generated/prisma/client.ts","statementMap":{"0":{"start":{"line":18,"column":0},"end":{"line":18,"column":42}},"1":{"start":{"line":19,"column":0},"end":{"line":19,"column":52}},"2":{"start":{"line":40,"column":9},"end":{"line":40,"column":15}},"3":{"start":{"line":21,"column":0},"end":{"line":21,"column":33}},"4":{"start":{"line":22,"column":0},"end":{"line":22,"column":23}},"5":{"start":{"line":38,"column":13},"end":{"line":38,"column":null}}},"fnMap":{},"branchMap":{},"s":{"0":1,"1":1,"2":1,"3":1,"4":1,"5":1},"f":{},"b":{}}
,"/home/aliyon-dev/Documents/2026/Coding Projects/review-track-backend/src/generated/prisma/enums.ts": {"path":"/home/aliyon-dev/Documents/2026/Coding Projects/review-track-backend/src/generated/prisma/enums.ts","statementMap":{"0":{"start":{"line":12,"column":13},"end":{"line":16,"column":null}},"1":{"start":{"line":21,"column":13},"end":{"line":28,"column":null}}},"fnMap":{},"branchMap":{},"s":{"0":1,"1":1},"f":{},"b":{}}
,"/home/aliyon-dev/Documents/2026/Coding Projects/review-track-backend/src/generated/prisma/internal/class.ts": {"path":"/home/aliyon-dev/Documents/2026/Coding Projects/review-track-backend/src/generated/prisma/internal/class.ts","statementMap":{"0":{"start":{"line":232,"column":0},"end":{"line":232,"column":16}},"1":{"start":{"line":14,"column":0},"end":{"line":14,"column":56}},"2":{"start":{"line":18,"column":46},"end":{"line":33,"column":null}},"3":{"start":{"line":35,"column":0},"end":{"line":35,"column":null}},"4":{"start":{"line":36,"column":0},"end":{"line":39,"column":null}},"5":{"start":{"line":42,"column":21},"end":{"line":42,"column":48}},"6":{"start":{"line":43,"column":20},"end":{"line":43,"column":53}},"7":{"start":{"line":44,"column":2},"end":{"line":44,"column":null}},"8":{"start":{"line":47,"column":0},"end":{"line":56,"column":null}},"9":{"start":{"line":48,"column":26},"end":{"line":48,"column":101}},"10":{"start":{"line":51,"column":21},"end":{"line":51,"column":108}},"11":{"start":{"line":52,"column":4},"end":{"line":52,"column":null}},"12":{"start":{"line":233,"column":2},"end":{"line":233,"column":null}}},"fnMap":{"0":{"name":"decodeBase64AsWasm","decl":{"start":{"line":41,"column":15},"end":{"line":41,"column":33}},"loc":{"start":{"line":41,"column":52},"end":{"line":45,"column":1}}},"1":{"name":"(anonymous_10)","decl":{"start":{"line":42,"column":21},"end":{"line":42,"column":34}},"loc":{"start":{"line":42,"column":21},"end":{"line":42,"column":48}}},"2":{"name":"(anonymous_11)","decl":{"start":{"line":48,"column":14},"end":{"line":48,"column":19}},"loc":{"start":{"line":48,"column":26},"end":{"line":48,"column":101}}},"3":{"name":"(anonymous_12)","decl":{"start":{"line":48,"column":26},"end":{"line":48,"column":39}},"loc":{"start":{"line":48,"column":26},"end":{"line":48,"column":101}}},"4":{"name":"(anonymous_13)","decl":{"start":{"line":50,"column":30},"end":{"line":50,"column":35}},"loc":{"start":{"line":50,"column":41},"end":{"line":53,"column":3}}},"5":{"name":"(anonymous_14)","decl":{"start":{"line":51,"column":21},"end":{"line":51,"column":34}},"loc":{"start":{"line":51,"column":21},"end":{"line":51,"column":108}}},"6":{"name":"getPrismaClientClass","decl":{"start":{"line":232,"column":16},"end":{"line":232,"column":36}},"loc":{"start":{"line":232,"column":36},"end":{"line":234,"column":1}}}},"branchMap":{},"s":{"0":1,"1":1,"2":1,"3":1,"4":1,"5":0,"6":0,"7":0,"8":1,"9":0,"10":0,"11":0,"12":1},"f":{"0":0,"1":0,"2":0,"3":0,"4":0,"5":0,"6":1},"b":{}}
,"/home/aliyon-dev/Documents/2026/Coding Projects/review-track-backend/src/generated/prisma/internal/prismaNamespace.ts": {"path":"/home/aliyon-dev/Documents/2026/Coding Projects/review-track-backend/src/generated/prisma/internal/prismaNamespace.ts","statementMap":{"0":{"start":{"line":18,"column":0},"end":{"line":18,"column":56}},"1":{"start":{"line":32,"column":13},"end":{"line":32,"column":null}},"2":{"start":{"line":35,"column":13},"end":{"line":35,"column":null}},"3":{"start":{"line":38,"column":13},"end":{"line":38,"column":null}},"4":{"start":{"line":41,"column":13},"end":{"line":41,"column":null}},"5":{"start":{"line":44,"column":13},"end":{"line":44,"column":null}},"6":{"start":{"line":50,"column":13},"end":{"line":50,"column":null}},"7":{"start":{"line":51,"column":13},"end":{"line":51,"column":null}},"8":{"start":{"line":52,"column":13},"end":{"line":52,"column":null}},"9":{"start":{"line":53,"column":13},"end":{"line":53,"column":null}},"10":{"start":{"line":54,"column":13},"end":{"line":54,"column":null}},"11":{"start":{"line":62,"column":13},"end":{"line":62,"column":null}},"12":{"start":{"line":71,"column":13},"end":{"line":71,"column":null}},"13":{"start":{"line":86,"column":13},"end":{"line":89,"column":null}},"14":{"start":{"line":104,"column":13},"end":{"line":108,"column":null}},"15":{"start":{"line":114,"column":13},"end":{"line":114,"column":null}},"16":{"start":{"line":121,"column":13},"end":{"line":121,"column":null}},"17":{"start":{"line":128,"column":13},"end":{"line":128,"column":null}},"18":{"start":{"line":386,"column":13},"end":{"line":391,"column":null}},"19":{"start":{"line":735,"column":13},"end":{"line":740,"column":null}},"20":{"start":{"line":745,"column":13},"end":{"line":755,"column":null}},"21":{"start":{"line":760,"column":13},"end":{"line":769,"column":null}},"22":{"start":{"line":774,"column":13},"end":{"line":781,"column":null}},"23":{"start":{"line":786,"column":13},"end":{"line":793,"column":null}},"24":{"start":{"line":798,"column":13},"end":{"line":801,"column":null}},"25":{"start":{"line":806,"column":13},"end":{"line":809,"column":null}},"26":{"start":{"line":814,"column":13},"end":{"line":817,"column":null}},"27":{"start":{"line":904,"column":13},"end":{"line":904,"column":null}}},"fnMap":{},"branchMap":{},"s":{"0":1,"1":1,"2":1,"3":1,"4":1,"5":1,"6":1,"7":1,"8":1,"9":1,"10":1,"11":1,"12":1,"13":1,"14":1,"15":1,"16":1,"17":1,"18":1,"19":1,"20":1,"21":1,"22":1,"23":1,"24":1,"25":1,"26":1,"27":1},"f":{},"b":{}}
,"/home/aliyon-dev/Documents/2026/Coding Projects/review-track-backend/src/lib/prisma.ts": {"path":"/home/aliyon-dev/Documents/2026/Coding Projects/review-track-backend/src/lib/prisma.ts","statementMap":{"0":{"start":{"line":1,"column":0},"end":{"line":1,"column":46}},"1":{"start":{"line":2,"column":0},"end":{"line":2,"column":57}},"2":{"start":{"line":4,"column":27},"end":{"line":7,"column":4}},"3":{"start":{"line":5,"column":2},"end":{"line":7,"column":4}},"4":{"start":{"line":13,"column":15},"end":{"line":13,"column":52}},"5":{"start":{"line":14,"column":0},"end":{"line":14,"column":66}},"6":{"start":{"line":14,"column":43},"end":{"line":14,"column":66}},"7":{"start":{"line":16,"column":0},"end":{"line":16,"column":22}}},"fnMap":{"0":{"name":"(anonymous_0)","decl":{"start":{"line":4,"column":27},"end":{"line":4,"column":30}},"loc":{"start":{"line":5,"column":2},"end":{"line":7,"column":4}}}},"branchMap":{"0":{"loc":{"start":{"line":13,"column":15},"end":{"line":13,"column":52}},"type":"binary-expr","locations":[{"start":{"line":13,"column":15},"end":{"line":13,"column":28}},{"start":{"line":13,"column":32},"end":{"line":13,"column":52}}]},"1":{"loc":{"start":{"line":14,"column":0},"end":{"line":14,"column":66}},"type":"if","locations":[{"start":{"line":14,"column":0},"end":{"line":14,"column":66}},{"start":{},"end":{}}]}},"s":{"0":1,"1":1,"2":1,"3":1,"4":1,"5":1,"6":1,"7":1},"f":{"0":1},"b":{"0":[1,1],"1":[1,0]}}
,"/home/aliyon-dev/Documents/2026/Coding Projects/review-track-backend/src/middleware/authMiddleware.ts": {"path":"/home/aliyon-dev/Documents/2026/Coding Projects/review-track-backend/src/middleware/authMiddleware.ts","statementMap":{"0":{"start":{"line":2,"column":0},"end":{"line":2,"column":31}},"1":{"start":{"line":3,"column":0},"end":{"line":3,"column":39}},"2":{"start":{"line":4,"column":0},"end":{"line":4,"column":31}},"3":{"start":{"line":16,"column":27},"end":{"line":23,"column":3}},"4":{"start":{"line":17,"column":2},"end":{"line":23,"column":3}},"5":{"start":{"line":18,"column":4},"end":{"line":21,"column":5}},"6":{"start":{"line":19,"column":6},"end":{"line":19,"column":22}},"7":{"start":{"line":20,"column":6},"end":{"line":20,"column":42}},"8":{"start":{"line":22,"column":4},"end":{"line":22,"column":11}},"9":{"start":{"line":16,"column":13},"end":{"line":16,"column":27}},"10":{"start":{"line":25,"column":13},"end":{"line":25,"column":60}},"11":{"start":{"line":26,"column":13},"end":{"line":26,"column":58}},"12":{"start":{"line":27,"column":13},"end":{"line":27,"column":52}},"13":{"start":{"line":29,"column":23},"end":{"line":45,"column":1}},"14":{"start":{"line":30,"column":21},"end":{"line":30,"column":46}},"15":{"start":{"line":32,"column":2},"end":{"line":35,"column":3}},"16":{"start":{"line":33,"column":4},"end":{"line":33,"column":20}},"17":{"start":{"line":34,"column":4},"end":{"line":34,"column":55}},"18":{"start":{"line":37,"column":2},"end":{"line":44,"column":3}},"19":{"start":{"line":38,"column":18},"end":{"line":38,"column":42}},"20":{"start":{"line":39,"column":4},"end":{"line":39,"column":66}},"21":{"start":{"line":40,"column":4},"end":{"line":40,"column":11}},"22":{"start":{"line":42,"column":4},"end":{"line":42,"column":20}},"23":{"start":{"line":43,"column":4},"end":{"line":43,"column":53}},"24":{"start":{"line":29,"column":13},"end":{"line":29,"column":23}}},"fnMap":{"0":{"name":"(anonymous_1)","decl":{"start":{"line":16,"column":27},"end":{"line":16,"column":28}},"loc":{"start":{"line":17,"column":2},"end":{"line":23,"column":3}}},"1":{"name":"(anonymous_2)","decl":{"start":{"line":17,"column":2},"end":{"line":17,"column":3}},"loc":{"start":{"line":17,"column":64},"end":{"line":23,"column":3}}},"2":{"name":"(anonymous_3)","decl":{"start":{"line":29,"column":23},"end":{"line":29,"column":24}},"loc":{"start":{"line":29,"column":85},"end":{"line":45,"column":1}}}},"branchMap":{"0":{"loc":{"start":{"line":18,"column":4},"end":{"line":21,"column":5}},"type":"if","locations":[{"start":{"line":18,"column":4},"end":{"line":21,"column":5}},{"start":{},"end":{}}]},"1":{"loc":{"start":{"line":18,"column":8},"end":{"line":18,"column":51}},"type":"binary-expr","locations":[{"start":{"line":18,"column":8},"end":{"line":18,"column":17}},{"start":{"line":18,"column":21},"end":{"line":18,"column":51}}]},"2":{"loc":{"start":{"line":32,"column":2},"end":{"line":35,"column":3}},"type":"if","locations":[{"start":{"line":32,"column":2},"end":{"line":35,"column":3}},{"start":{},"end":{}}]}},"s":{"0":2,"1":2,"2":2,"3":2,"4":14,"5":15,"6":6,"7":6,"8":9,"9":2,"10":2,"11":2,"12":2,"13":2,"14":18,"15":18,"16":3,"17":3,"18":15,"19":15,"20":15,"21":15,"22":0,"23":0,"24":2},"f":{"0":14,"1":15,"2":18},"b":{"0":[6,9],"1":[15,15],"2":[3,15]}}
,"/home/aliyon-dev/Documents/2026/Coding Projects/review-track-backend/src/middleware/errorMiddleware.ts": {"path":"/home/aliyon-dev/Documents/2026/Coding Projects/review-track-backend/src/middleware/errorMiddleware.ts","statementMap":{"0":{"start":{"line":3,"column":24},"end":{"line":7,"column":1}},"1":{"start":{"line":4,"column":16},"end":{"line":4,"column":59}},"2":{"start":{"line":5,"column":2},"end":{"line":5,"column":18}},"3":{"start":{"line":6,"column":2},"end":{"line":6,"column":14}},"4":{"start":{"line":3,"column":13},"end":{"line":3,"column":24}},"5":{"start":{"line":9,"column":28},"end":{"line":22,"column":1}},"6":{"start":{"line":15,"column":21},"end":{"line":15,"column":66}},"7":{"start":{"line":17,"column":2},"end":{"line":21,"column":5}},"8":{"start":{"line":9,"column":13},"end":{"line":9,"column":28}}},"fnMap":{"0":{"name":"(anonymous_0)","decl":{"start":{"line":3,"column":24},"end":{"line":3,"column":25}},"loc":{"start":{"line":3,"column":82},"end":{"line":7,"column":1}}},"1":{"name":"(anonymous_1)","decl":{"start":{"line":9,"column":28},"end":{"line":9,"column":null}},"loc":{"start":{"line":14,"column":10},"end":{"line":22,"column":1}}}},"branchMap":{"0":{"loc":{"start":{"line":15,"column":21},"end":{"line":15,"column":66}},"type":"cond-expr","locations":[{"start":{"line":15,"column":46},"end":{"line":15,"column":49}},{"start":{"line":15,"column":52},"end":{"line":15,"column":66}}]},"1":{"loc":{"start":{"line":20,"column":8},"end":{"line":20,"column":70}},"type":"binary-expr","locations":[{"start":{"line":20,"column":8},"end":{"line":20,"column":46}},{"start":{"line":20,"column":50},"end":{"line":20,"column":70}}]}},"s":{"0":2,"1":0,"2":0,"3":0,"4":2,"5":2,"6":13,"7":13,"8":2},"f":{"0":0,"1":13},"b":{"0":[0,13],"1":[13,0]}}
,"/home/aliyon-dev/Documents/2026/Coding Projects/review-track-backend/src/middleware/validateMiddleware.ts": {"path":"/home/aliyon-dev/Documents/2026/Coding Projects/review-track-backend/src/middleware/validateMiddleware.ts","statementMap":{"0":{"start":{"line":2,"column":0},"end":{"line":2,"column":53}},"1":{"start":{"line":4,"column":24},"end":{"line":13,"column":1}},"2":{"start":{"line":5,"column":17},"end":{"line":5,"column":38}},"3":{"start":{"line":7,"column":2},"end":{"line":10,"column":3}},"4":{"start":{"line":8,"column":4},"end":{"line":8,"column":20}},"5":{"start":{"line":9,"column":4},"end":{"line":9,"column":72}},"6":{"start":{"line":9,"column":52},"end":{"line":9,"column":57}},"7":{"start":{"line":12,"column":2},"end":{"line":12,"column":9}},"8":{"start":{"line":4,"column":13},"end":{"line":4,"column":24}}},"fnMap":{"0":{"name":"(anonymous_0)","decl":{"start":{"line":4,"column":24},"end":{"line":4,"column":25}},"loc":{"start":{"line":4,"column":82},"end":{"line":13,"column":1}}},"1":{"name":"(anonymous_1)","decl":{"start":{"line":9,"column":45},"end":{"line":9,"column":46}},"loc":{"start":{"line":9,"column":52},"end":{"line":9,"column":57}}}},"branchMap":{"0":{"loc":{"start":{"line":7,"column":2},"end":{"line":10,"column":3}},"type":"if","locations":[{"start":{"line":7,"column":2},"end":{"line":10,"column":3}},{"start":{},"end":{}}]}},"s":{"0":2,"1":2,"2":1,"3":1,"4":1,"5":1,"6":1,"7":0,"8":2},"f":{"0":1,"1":1},"b":{"0":[1,0]}}
,"/home/aliyon-dev/Documents/2026/Coding Projects/review-track-backend/src/models/models.ts": {"path":"/home/aliyon-dev/Documents/2026/Coding Projects/review-track-backend/src/models/models.ts","statementMap":{"0":{"start":{"line":1,"column":0},"end":{"line":1,"column":null}},"1":{"start":{"line":2,"column":2},"end":{"line":2,"column":null}},"2":{"start":{"line":3,"column":2},"end":{"line":3,"column":null}},"3":{"start":{"line":4,"column":2},"end":{"line":4,"column":null}},"4":{"start":{"line":7,"column":0},"end":{"line":7,"column":null}},"5":{"start":{"line":8,"column":2},"end":{"line":8,"column":null}},"6":{"start":{"line":9,"column":2},"end":{"line":9,"column":null}},"7":{"start":{"line":10,"column":2},"end":{"line":10,"column":null}},"8":{"start":{"line":11,"column":2},"end":{"line":11,"column":null}},"9":{"start":{"line":12,"column":2},"end":{"line":12,"column":null}},"10":{"start":{"line":13,"column":2},"end":{"line":13,"column":null}}},"fnMap":{"0":{"name":"(anonymous_0)","decl":{"start":{"line":1,"column":0},"end":{"line":1,"column":12}},"loc":{"start":{"line":1,"column":16},"end":{"line":5,"column":1}}},"1":{"name":"(anonymous_1)","decl":{"start":{"line":7,"column":0},"end":{"line":7,"column":12}},"loc":{"start":{"line":7,"column":29},"end":{"line":14,"column":1}}}},"branchMap":{"0":{"loc":{"start":{"line":1,"column":12},"end":{"line":1,"column":null}},"type":"binary-expr","locations":[{"start":{"line":1,"column":12},"end":{"line":1,"column":16}},{"start":{"line":1,"column":16},"end":{"line":1,"column":null}}]},"1":{"loc":{"start":{"line":7,"column":12},"end":{"line":7,"column":null}},"type":"binary-expr","locations":[{"start":{"line":7,"column":12},"end":{"line":7,"column":29}},{"start":{"line":7,"column":29},"end":{"line":7,"column":null}}]}},"s":{"0":3,"1":3,"2":3,"3":3,"4":3,"5":3,"6":3,"7":3,"8":3,"9":3,"10":3},"f":{"0":3,"1":3},"b":{"0":[3,3],"1":[3,3]}}
,"/home/aliyon-dev/Documents/2026/Coding Projects/review-track-backend/src/routes/applicationRoutes.ts": {"path":"/home/aliyon-dev/Documents/2026/Coding Projects/review-track-backend/src/routes/applicationRoutes.ts","statementMap":{"0":{"start":{"line":1,"column":0},"end":{"line":1,"column":33}},"1":{"start":{"line":2,"column":0},"end":{"line":2,"column":85}},"2":{"start":{"line":3,"column":0},"end":{"line":3,"column":39}},"3":{"start":{"line":4,"column":0},"end":{"line":4,"column":null}},"4":{"start":{"line":13,"column":15},"end":{"line":13,"column":23}},"5":{"start":{"line":15,"column":0},"end":{"line":15,"column":73}},"6":{"start":{"line":16,"column":0},"end":{"line":16,"column":95}},"7":{"start":{"line":17,"column":0},"end":{"line":17,"column":74}},"8":{"start":{"line":18,"column":0},"end":{"line":18,"column":98}},"9":{"start":{"line":19,"column":0},"end":{"line":19,"column":112}},"10":{"start":{"line":20,"column":0},"end":{"line":20,"column":106}},"11":{"start":{"line":22,"column":0},"end":{"line":22,"column":22}}},"fnMap":{},"branchMap":{},"s":{"0":2,"1":2,"2":2,"3":2,"4":2,"5":2,"6":2,"7":2,"8":2,"9":2,"10":2,"11":2},"f":{},"b":{}}
,"/home/aliyon-dev/Documents/2026/Coding Projects/review-track-backend/src/routes/authRoutes.ts": {"path":"/home/aliyon-dev/Documents/2026/Coding Projects/review-track-backend/src/routes/authRoutes.ts","statementMap":{"0":{"start":{"line":1,"column":0},"end":{"line":1,"column":33}},"1":{"start":{"line":3,"column":0},"end":{"line":3,"column":59}},"2":{"start":{"line":4,"column":0},"end":{"line":4,"column":62}},"3":{"start":{"line":5,"column":0},"end":{"line":5,"column":53}},"4":{"start":{"line":7,"column":15},"end":{"line":7,"column":23}},"5":{"start":{"line":9,"column":0},"end":{"line":9,"column":56}},"6":{"start":{"line":11,"column":0},"end":{"line":11,"column":22}}},"fnMap":{},"branchMap":{},"s":{"0":2,"1":2,"2":2,"3":2,"4":2,"5":2,"6":2},"f":{},"b":{}}
,"/home/aliyon-dev/Documents/2026/Coding Projects/review-track-backend/src/routes/healthRoutes.ts": {"path":"/home/aliyon-dev/Documents/2026/Coding Projects/review-track-backend/src/routes/healthRoutes.ts","statementMap":{"0":{"start":{"line":1,"column":0},"end":{"line":1,"column":33}},"1":{"start":{"line":2,"column":0},"end":{"line":2,"column":60}},"2":{"start":{"line":4,"column":15},"end":{"line":4,"column":23}},"3":{"start":{"line":6,"column":0},"end":{"line":6,"column":27}},"4":{"start":{"line":8,"column":0},"end":{"line":8,"column":22}}},"fnMap":{},"branchMap":{},"s":{"0":2,"1":2,"2":2,"3":2,"4":2},"f":{},"b":{}}
,"/home/aliyon-dev/Documents/2026/Coding Projects/review-track-backend/src/services/applicationService.ts": {"path":"/home/aliyon-dev/Documents/2026/Coding Projects/review-track-backend/src/services/applicationService.ts","statementMap":{"0":{"start":{"line":1,"column":0},"end":{"line":1,"column":65}},"1":{"start":{"line":2,"column":0},"end":{"line":2,"column":34}},"2":{"start":{"line":9,"column":4},"end":{"line":9,"column":19}},"3":{"start":{"line":7,"column":11},"end":{"line":7,"column":29}},"4":{"start":{"line":10,"column":4},"end":{"line":10,"column":42}},"5":{"start":{"line":4,"column":0},"end":{"line":4,"column":13}},"6":{"start":{"line":14,"column":33},"end":{"line":29,"column":1}},"7":{"start":{"line":19,"column":22},"end":{"line":26,"column":4}},"8":{"start":{"line":28,"column":2},"end":{"line":28,"column":36}},"9":{"start":{"line":14,"column":13},"end":{"line":14,"column":33}},"10":{"start":{"line":32,"column":34},"end":{"line":38,"column":1}},"11":{"start":{"line":33,"column":22},"end":{"line":35,"column":4}},"12":{"start":{"line":37,"column":2},"end":{"line":37,"column":43}},"13":{"start":{"line":32,"column":13},"end":{"line":32,"column":34}},"14":{"start":{"line":40,"column":32},"end":{"line":43,"column":1}},"15":{"start":{"line":41,"column":23},"end":{"line":41,"column":58}},"16":{"start":{"line":42,"column":2},"end":{"line":42,"column":39}},"17":{"start":{"line":40,"column":13},"end":{"line":40,"column":32}},"18":{"start":{"line":45,"column":39},"end":{"line":65,"column":1}},"19":{"start":{"line":51,"column":22},"end":{"line":62,"column":4}},"20":{"start":{"line":52,"column":20},"end":{"line":55,"column":6}},"21":{"start":{"line":57,"column":4},"end":{"line":59,"column":7}},"22":{"start":{"line":61,"column":4},"end":{"line":61,"column":19}},"23":{"start":{"line":64,"column":2},"end":{"line":64,"column":36}},"24":{"start":{"line":45,"column":13},"end":{"line":45,"column":39}},"25":{"start":{"line":67,"column":46},"end":{"line":73,"column":1}},"26":{"start":{"line":68,"column":23},"end":{"line":70,"column":4}},"27":{"start":{"line":72,"column":2},"end":{"line":72,"column":39}},"28":{"start":{"line":67,"column":13},"end":{"line":67,"column":46}},"29":{"start":{"line":77,"column":39},"end":{"line":83,"column":1}},"30":{"start":{"line":78,"column":23},"end":{"line":80,"column":4}},"31":{"start":{"line":82,"column":2},"end":{"line":82,"column":39}},"32":{"start":{"line":77,"column":13},"end":{"line":77,"column":39}}},"fnMap":{"0":{"name":"(anonymous_1)","decl":{"start":{"line":5,"column":2},"end":{"line":5,"column":null}},"loc":{"start":{"line":7,"column":29},"end":{"line":11,"column":3}}},"1":{"name":"(anonymous_2)","decl":{"start":{"line":14,"column":33},"end":{"line":14,"column":38}},"loc":{"start":{"line":18,"column":26},"end":{"line":29,"column":1}}},"2":{"name":"(anonymous_3)","decl":{"start":{"line":32,"column":34},"end":{"line":32,"column":39}},"loc":{"start":{"line":32,"column":84},"end":{"line":38,"column":1}}},"3":{"name":"(anonymous_4)","decl":{"start":{"line":40,"column":32},"end":{"line":40,"column":37}},"loc":{"start":{"line":40,"column":67},"end":{"line":43,"column":1}}},"4":{"name":"(anonymous_5)","decl":{"start":{"line":45,"column":39},"end":{"line":45,"column":44}},"loc":{"start":{"line":50,"column":26},"end":{"line":65,"column":1}}},"5":{"name":"(anonymous_6)","decl":{"start":{"line":51,"column":48},"end":{"line":51,"column":53}},"loc":{"start":{"line":51,"column":61},"end":{"line":62,"column":3}}},"6":{"name":"(anonymous_7)","decl":{"start":{"line":67,"column":46},"end":{"line":67,"column":51}},"loc":{"start":{"line":67,"column":100},"end":{"line":73,"column":1}}},"7":{"name":"(anonymous_8)","decl":{"start":{"line":77,"column":39},"end":{"line":77,"column":44}},"loc":{"start":{"line":77,"column":99},"end":{"line":83,"column":1}}}},"branchMap":{},"s":{"0":2,"1":2,"2":0,"3":0,"4":0,"5":2,"6":2,"7":1,"8":1,"9":2,"10":2,"11":5,"12":5,"13":2,"14":2,"15":2,"16":2,"17":2,"18":2,"19":1,"20":1,"21":1,"22":1,"23":1,"24":2,"25":2,"26":1,"27":1,"28":2,"29":2,"30":0,"31":0,"32":2},"f":{"0":0,"1":1,"2":5,"3":2,"4":1,"5":1,"6":1,"7":0},"b":{}}
,"/home/aliyon-dev/Documents/2026/Coding Projects/review-track-backend/src/services/authService.ts": {"path":"/home/aliyon-dev/Documents/2026/Coding Projects/review-track-backend/src/services/authService.ts","statementMap":{"0":{"start":{"line":1,"column":0},"end":{"line":1,"column":30}},"1":{"start":{"line":2,"column":0},"end":{"line":2,"column":31}},"2":{"start":{"line":4,"column":0},"end":{"line":4,"column":34}},"3":{"start":{"line":5,"column":0},"end":{"line":5,"column":31}},"4":{"start":{"line":25,"column":4},"end":{"line":25,"column":19}},"5":{"start":{"line":23,"column":11},"end":{"line":23,"column":29}},"6":{"start":{"line":26,"column":4},"end":{"line":26,"column":28}},"7":{"start":{"line":20,"column":0},"end":{"line":20,"column":13}},"8":{"start":{"line":30,"column":25},"end":{"line":66,"column":1}},"9":{"start":{"line":34,"column":15},"end":{"line":34,"column":65}},"10":{"start":{"line":36,"column":2},"end":{"line":38,"column":3}},"11":{"start":{"line":37,"column":4},"end":{"line":37,"column":52}},"12":{"start":{"line":40,"column":24},"end":{"line":40,"column":73}},"13":{"start":{"line":42,"column":2},"end":{"line":44,"column":3}},"14":{"start":{"line":43,"column":4},"end":{"line":43,"column":52}},"15":{"start":{"line":46,"column":34},"end":{"line":50,"column":4}},"16":{"start":{"line":52,"column":16},"end":{"line":54,"column":4}},"17":{"start":{"line":56,"column":2},"end":{"line":65,"column":4}},"18":{"start":{"line":30,"column":13},"end":{"line":30,"column":25}}},"fnMap":{"0":{"name":"(anonymous_1)","decl":{"start":{"line":21,"column":2},"end":{"line":21,"column":null}},"loc":{"start":{"line":23,"column":29},"end":{"line":27,"column":3}}},"1":{"name":"(anonymous_2)","decl":{"start":{"line":30,"column":25},"end":{"line":30,"column":30}},"loc":{"start":{"line":33,"column":26},"end":{"line":66,"column":1}}}},"branchMap":{"0":{"loc":{"start":{"line":36,"column":2},"end":{"line":38,"column":3}},"type":"if","locations":[{"start":{"line":36,"column":2},"end":{"line":38,"column":3}},{"start":{},"end":{}}]},"1":{"loc":{"start":{"line":42,"column":2},"end":{"line":44,"column":3}},"type":"if","locations":[{"start":{"line":42,"column":2},"end":{"line":44,"column":3}},{"start":{},"end":{}}]}},"s":{"0":2,"1":2,"2":2,"3":2,"4":0,"5":0,"6":0,"7":2,"8":2,"9":0,"10":0,"11":0,"12":0,"13":0,"14":0,"15":0,"16":0,"17":0,"18":2},"f":{"0":0,"1":0},"b":{"0":[0,0],"1":[0,0]}}
,"/home/aliyon-dev/Documents/2026/Coding Projects/review-track-backend/src/services/workflow.ts": {"path":"/home/aliyon-dev/Documents/2026/Coding Projects/review-track-backend/src/services/workflow.ts","statementMap":{"0":{"start":{"line":1,"column":0},"end":{"line":1,"column":52}},"1":{"start":{"line":3,"column":68},"end":{"line":22,"column":2}},"2":{"start":{"line":24,"column":29},"end":{"line":26,"column":1}},"3":{"start":{"line":25,"column":2},"end":{"line":25,"column":104}},"4":{"start":{"line":24,"column":13},"end":{"line":24,"column":29}}},"fnMap":{"0":{"name":"(anonymous_0)","decl":{"start":{"line":24,"column":29},"end":{"line":24,"column":30}},"loc":{"start":{"line":24,"column":79},"end":{"line":26,"column":1}}}},"branchMap":{"0":{"loc":{"start":{"line":25,"column":9},"end":{"line":25,"column":103}},"type":"binary-expr","locations":[{"start":{"line":25,"column":9},"end":{"line":25,"column":94}},{"start":{"line":25,"column":98},"end":{"line":25,"column":103}}]}},"s":{"0":3,"1":3,"2":3,"3":15,"4":3},"f":{"0":15},"b":{"0":[15,0]}}
,"/home/aliyon-dev/Documents/2026/Coding Projects/review-track-backend/src/utils/asyncHandler.ts": {"path":"/home/aliyon-dev/Documents/2026/Coding Projects/review-track-backend/src/utils/asyncHandler.ts","statementMap":{"0":{"start":{"line":5,"column":21},"end":{"line":8,"column":3}},"1":{"start":{"line":6,"column":2},"end":{"line":8,"column":3}},"2":{"start":{"line":7,"column":4},"end":{"line":7,"column":52}},"3":{"start":{"line":10,"column":0},"end":{"line":10,"column":28}}},"fnMap":{"0":{"name":"(anonymous_0)","decl":{"start":{"line":5,"column":21},"end":{"line":5,"column":22}},"loc":{"start":{"line":6,"column":2},"end":{"line":8,"column":3}}},"1":{"name":"(anonymous_1)","decl":{"start":{"line":6,"column":2},"end":{"line":6,"column":3}},"loc":{"start":{"line":6,"column":21},"end":{"line":8,"column":3}}}},"branchMap":{},"s":{"0":2,"1":14,"2":9,"3":2},"f":{"0":14,"1":9},"b":{}}
,"/home/aliyon-dev/Documents/2026/Coding Projects/review-track-backend/src/utils/responseHelper.ts": {"path":"/home/aliyon-dev/Documents/2026/Coding Projects/review-track-backend/src/utils/responseHelper.ts","statementMap":{"0":{"start":{"line":3,"column":27},"end":{"line":5,"column":1}},"1":{"start":{"line":4,"column":2},"end":{"line":4,"column":55}},"2":{"start":{"line":3,"column":13},"end":{"line":3,"column":27}},"3":{"start":{"line":7,"column":25},"end":{"line":9,"column":1}},"4":{"start":{"line":8,"column":2},"end":{"line":8,"column":59}},"5":{"start":{"line":7,"column":13},"end":{"line":7,"column":25}}},"fnMap":{"0":{"name":"(anonymous_0)","decl":{"start":{"line":3,"column":27},"end":{"line":3,"column":31}},"loc":{"start":{"line":3,"column":81},"end":{"line":5,"column":1}}},"1":{"name":"(anonymous_1)","decl":{"start":{"line":7,"column":25},"end":{"line":7,"column":26}},"loc":{"start":{"line":7,"column":84},"end":{"line":9,"column":1}}}},"branchMap":{"0":{"loc":{"start":{"line":3,"column":55},"end":{"line":3,"column":71}},"type":"default-arg","locations":[{"start":{"line":3,"column":68},"end":{"line":3,"column":71}}]},"1":{"loc":{"start":{"line":7,"column":58},"end":{"line":7,"column":74}},"type":"default-arg","locations":[{"start":{"line":7,"column":71},"end":{"line":7,"column":74}}]}},"s":{"0":3,"1":7,"2":3,"3":3,"4":1,"5":3},"f":{"0":7,"1":1},"b":{"0":[6],"1":[1]}}
,"/home/aliyon-dev/Documents/2026/Coding Projects/review-track-backend/src/validators/authValidators.ts": {"path":"/home/aliyon-dev/Documents/2026/Coding Projects/review-track-backend/src/validators/authValidators.ts","statementMap":{"0":{"start":{"line":1,"column":0},"end":{"line":1,"column":41}},"1":{"start":{"line":3,"column":13},"end":{"line":12,"column":2}}},"fnMap":{},"branchMap":{},"s":{"0":2,"1":2},"f":{},"b":{}}
}
