TN:
SF:src/app.ts
FN:18,(anonymous_1)
FN:27,(anonymous_2)
FN:28,(anonymous_3)
FNF:3
FNH:1
FNDA:19,(anonymous_1)
FNDA:0,(anonymous_2)
FNDA:0,(anonymous_3)
DA:1,2
DA:2,2
DA:3,2
DA:4,2
DA:5,2
DA:7,2
DA:8,2
DA:9,2
DA:10,2
DA:11,2
DA:13,2
DA:15,2
DA:16,2
DA:17,2
DA:18,19
DA:20,2
DA:21,2
DA:23,2
DA:24,2
DA:25,2
DA:27,2
DA:28,2
DA:29,0
DA:33,0
DA:36,2
DA:37,2
DA:39,2
LF:27
LH:25
BRDA:18,0,0,19
BRDA:18,0,1,13
BRF:2
BRH:2
end_of_record
TN:
SF:src/config/env.ts
FNF:0
FNH:0
DA:1,2
DA:3,2
DA:11,2
LF:3
LH:3
BRDA:4,0,0,2
BRDA:4,0,1,0
BRDA:5,1,0,2
BRDA:5,1,1,0
BRDA:6,2,0,2
BRDA:6,2,1,0
BRDA:7,3,0,2
BRDA:7,3,1,2
BRDA:8,4,0,2
BRDA:8,4,1,2
BRF:10
BRH:7
end_of_record
TN:
SF:src/controllers/applicationController.ts
FN:17,(anonymous_1)
FN:23,(anonymous_2)
FN:35,(anonymous_3)
FN:46,(anonymous_4)
FN:57,(anonymous_5)
FN:72,(anonymous_6)
FN:93,(anonymous_7)
FNF:7
FNH:5
FNDA:0,(anonymous_1)
FNDA:1,(anonymous_2)
FNDA:2,(anonymous_3)
FNDA:1,(anonymous_4)
FNDA:2,(anonymous_5)
FNDA:3,(anonymous_6)
FNDA:0,(anonymous_7)
DA:3,2
DA:4,2
DA:6,2
DA:7,2
DA:17,2
DA:18,0
DA:19,0
DA:22,2
DA:24,1
DA:25,1
DA:26,1
DA:27,1
DA:29,0
DA:34,2
DA:36,2
DA:37,2
DA:38,2
DA:40,0
DA:45,2
DA:47,1
DA:48,1
DA:49,1
DA:51,0
DA:56,2
DA:58,2
DA:59,2
DA:60,2
DA:61,1
DA:62,1
DA:64,1
DA:66,0
DA:71,2
DA:73,3
DA:74,3
DA:75,3
DA:76,3
DA:77,1
DA:78,1
DA:80,2
DA:81,1
DA:82,1
DA:84,1
DA:85,1
DA:87,0
DA:93,2
DA:94,0
DA:95,0
DA:96,0
DA:97,0
DA:99,0
LF:50
LH:38
BRDA:18,0,0,0
BRDA:18,0,1,0
BRDA:60,1,0,1
BRDA:60,1,1,1
BRDA:76,2,0,1
BRDA:76,2,1,2
BRDA:80,3,0,1
BRDA:80,3,1,1
BRF:8
BRH:6
end_of_record
TN:
SF:src/controllers/authController.ts
FN:7,(anonymous_1)
FNF:1
FNH:0
FNDA:0,(anonymous_1)
DA:3,2
DA:4,2
DA:5,2
DA:7,2
DA:8,0
DA:10,0
DA:11,0
DA:12,0
DA:14,0
DA:15,0
DA:17,0
LF:11
LH:4
BRDA:14,0,0,0
BRDA:14,0,1,0
BRF:2
BRH:0
end_of_record
TN:
SF:src/controllers/healthController.ts
FN:3,(anonymous_0)
FNF:1
FNH:0
FNDA:0,(anonymous_0)
DA:3,2
DA:4,0
LF:2
LH:1
BRF:0
BRH:0
end_of_record
TN:
SF:src/docs/openapi.ts
FNF:0
FNH:0
DA:1,2
DA:3,2
DA:18,2
DA:326,2
LF:4
LH:4
BRF:0
BRH:0
end_of_record
TN:
SF:src/generated/prisma/client.ts
FNF:0
FNH:0
DA:18,1
DA:19,1
DA:21,1
DA:22,1
DA:38,1
DA:40,1
LF:6
LH:6
BRF:0
BRH:0
end_of_record
TN:
SF:src/generated/prisma/enums.ts
FNF:0
FNH:0
DA:12,1
DA:21,1
LF:2
LH:2
BRF:0
BRH:0
end_of_record
TN:
SF:src/generated/prisma/internal/class.ts
FN:41,decodeBase64AsWasm
FN:42,(anonymous_10)
FN:48,(anonymous_11)
FN:48,(anonymous_12)
FN:50,(anonymous_13)
FN:51,(anonymous_14)
FN:232,getPrismaClientClass
FNF:7
FNH:1
FNDA:0,decodeBase64AsWasm
FNDA:0,(anonymous_10)
FNDA:0,(anonymous_11)
FNDA:0,(anonymous_12)
FNDA:0,(anonymous_13)
FNDA:0,(anonymous_14)
FNDA:1,getPrismaClientClass
DA:14,1
DA:18,1
DA:35,1
DA:36,1
DA:42,0
DA:43,0
DA:44,0
DA:47,1
DA:48,0
DA:51,0
DA:52,0
DA:232,1
DA:233,1
LF:13
LH:7
BRF:0
BRH:0
end_of_record
TN:
SF:src/generated/prisma/internal/prismaNamespace.ts
FNF:0
FNH:0
DA:18,1
DA:32,1
DA:35,1
DA:38,1
DA:41,1
DA:44,1
DA:50,1
DA:51,1
DA:52,1
DA:53,1
DA:54,1
DA:62,1
DA:71,1
DA:86,1
DA:104,1
DA:114,1
DA:121,1
DA:128,1
DA:386,1
DA:735,1
DA:745,1
DA:760,1
DA:774,1
DA:786,1
DA:798,1
DA:806,1
DA:814,1
DA:904,1
LF:28
LH:28
BRF:0
BRH:0
end_of_record
TN:
SF:src/lib/prisma.ts
FN:4,(anonymous_0)
FNF:1
FNH:1
FNDA:1,(anonymous_0)
DA:1,1
DA:2,1
DA:4,1
DA:5,1
DA:13,1
DA:14,1
DA:16,1
LF:7
LH:7
BRDA:13,0,0,1
BRDA:13,0,1,1
BRDA:14,1,0,1
BRDA:14,1,1,0
BRF:4
BRH:3
end_of_record
TN:
SF:src/middleware/authMiddleware.ts
FN:16,(anonymous_1)
FN:17,(anonymous_2)
FN:29,(anonymous_3)
FNF:3
FNH:3
FNDA:14,(anonymous_1)
FNDA:15,(anonymous_2)
FNDA:18,(anonymous_3)
DA:2,2
DA:3,2
DA:4,2
DA:16,2
DA:17,14
DA:18,15
DA:19,6
DA:20,6
DA:22,9
DA:25,2
DA:26,2
DA:27,2
DA:29,2
DA:30,18
DA:32,18
DA:33,3
DA:34,3
DA:37,15
DA:38,15
DA:39,15
DA:40,15
DA:42,0
DA:43,0
LF:23
LH:21
BRDA:18,0,0,6
BRDA:18,0,1,9
BRDA:18,1,0,15
BRDA:18,1,1,15
BRDA:32,2,0,3
BRDA:32,2,1,15
BRF:6
BRH:6
end_of_record
TN:
SF:src/middleware/errorMiddleware.ts
FN:3,(anonymous_0)
FN:9,(anonymous_1)
FNF:2
FNH:1
FNDA:0,(anonymous_0)
FNDA:13,(anonymous_1)
DA:3,2
DA:4,0
DA:5,0
DA:6,0
DA:9,2
DA:15,13
DA:17,13
LF:7
LH:4
BRDA:15,0,0,0
BRDA:15,0,1,13
BRDA:20,1,0,13
BRDA:20,1,1,0
BRF:4
BRH:2
end_of_record
TN:
SF:src/middleware/validateMiddleware.ts
FN:4,(anonymous_0)
FN:9,(anonymous_1)
FNF:2
FNH:2
FNDA:1,(anonymous_0)
FNDA:1,(anonymous_1)
DA:2,2
DA:4,2
DA:5,1
DA:7,1
DA:8,1
DA:9,1
DA:12,0
LF:7
LH:6
BRDA:7,0,0,1
BRDA:7,0,1,0
BRF:2
BRH:1
end_of_record
TN:
SF:src/models/models.ts
FN:1,(anonymous_0)
FN:7,(anonymous_1)
FNF:2
FNH:2
FNDA:3,(anonymous_0)
FNDA:3,(anonymous_1)
DA:1,3
DA:2,3
DA:3,3
DA:4,3
DA:7,3
DA:8,3
DA:9,3
DA:10,3
DA:11,3
DA:12,3
DA:13,3
LF:11
LH:11
BRDA:1,0,0,3
BRDA:1,0,1,3
BRDA:7,1,0,3
BRDA:7,1,1,3
BRF:4
BRH:4
end_of_record
TN:
SF:src/routes/applicationRoutes.ts
FNF:0
FNH:0
DA:1,2
DA:2,2
DA:3,2
DA:4,2
DA:13,2
DA:15,2
DA:16,2
DA:17,2
DA:18,2
DA:19,2
DA:20,2
DA:22,2
LF:12
LH:12
BRF:0
BRH:0
end_of_record
TN:
SF:src/routes/authRoutes.ts
FNF:0
FNH:0
DA:1,2
DA:3,2
DA:4,2
DA:5,2
DA:7,2
DA:9,2
DA:11,2
LF:7
LH:7
BRF:0
BRH:0
end_of_record
TN:
SF:src/routes/healthRoutes.ts
FNF:0
FNH:0
DA:1,2
DA:2,2
DA:4,2
DA:6,2
DA:8,2
LF:5
LH:5
BRF:0
BRH:0
end_of_record
TN:
SF:src/services/applicationService.ts
FN:5,(anonymous_1)
FN:14,(anonymous_2)
FN:32,(anonymous_3)
FN:40,(anonymous_4)
FN:45,(anonymous_5)
FN:51,(anonymous_6)
FN:67,(anonymous_7)
FN:77,(anonymous_8)
FNF:8
FNH:6
FNDA:0,(anonymous_1)
FNDA:1,(anonymous_2)
FNDA:5,(anonymous_3)
FNDA:2,(anonymous_4)
FNDA:1,(anonymous_5)
FNDA:1,(anonymous_6)
FNDA:1,(anonymous_7)
FNDA:0,(anonymous_8)
DA:1,2
DA:2,2
DA:4,2
DA:7,0
DA:9,0
DA:10,0
DA:14,2
DA:19,1
DA:28,1
DA:32,2
DA:33,5
DA:37,5
DA:40,2
DA:41,2
DA:42,2
DA:45,2
DA:51,1
DA:52,1
DA:57,1
DA:61,1
DA:64,1
DA:67,2
DA:68,1
DA:72,1
DA:77,2
DA:78,0
DA:82,0
LF:27
LH:22
BRF:0
BRH:0
end_of_record
TN:
SF:src/services/authService.ts
FN:21,(anonymous_1)
FN:30,(anonymous_2)
FNF:2
FNH:0
FNDA:0,(anonymous_1)
FNDA:0,(anonymous_2)
DA:1,2
DA:2,2
DA:4,2
DA:5,2
DA:20,2
DA:23,0
DA:25,0
DA:26,0
DA:30,2
DA:34,0
DA:36,0
DA:37,0
DA:40,0
DA:42,0
DA:43,0
DA:46,0
DA:52,0
DA:56,0
LF:18
LH:6
BRDA:36,0,0,0
BRDA:36,0,1,0
BRDA:42,1,0,0
BRDA:42,1,1,0
BRF:4
BRH:0
end_of_record
TN:
SF:src/services/workflow.ts
FN:24,(anonymous_0)
FNF:1
FNH:1
FNDA:15,(anonymous_0)
DA:1,3
DA:3,3
DA:24,3
DA:25,15
LF:4
LH:4
BRDA:25,0,0,15
BRDA:25,0,1,0
BRF:2
BRH:1
end_of_record
TN:
SF:src/utils/asyncHandler.ts
FN:5,(anonymous_0)
FN:6,(anonymous_1)
FNF:2
FNH:2
FNDA:14,(anonymous_0)
FNDA:9,(anonymous_1)
DA:5,2
DA:6,14
DA:7,9
DA:10,2
LF:4
LH:4
BRF:0
BRH:0
end_of_record
TN:
SF:src/utils/responseHelper.ts
FN:3,(anonymous_0)
FN:7,(anonymous_1)
FNF:2
FNH:2
FNDA:7,(anonymous_0)
FNDA:1,(anonymous_1)
DA:3,3
DA:4,7
DA:7,3
DA:8,1
LF:4
LH:4
BRDA:3,0,0,6
BRDA:7,1,0,1
BRF:2
BRH:2
end_of_record
TN:
SF:src/validators/authValidators.ts
FNF:0
FNH:0
DA:1,2
DA:3,2
LF:2
LH:2
BRF:0
BRH:0
end_of_record
